INFO [2017-01-31 11:33:50] [[1]]
INFO [2017-01-31 11:33:50] list(CHIKV = chikv.genes, SARS = sars.genes, HCV = hcv.genes, 
INFO [2017-01-31 11:33:50]     DENV = denv.genes, CVB = cvb.genes)
INFO [2017-01-31 11:33:50] 
INFO [2017-01-31 11:33:50] $fill
INFO [2017-01-31 11:33:50] cols
INFO [2017-01-31 11:33:50] 
INFO [2017-01-31 11:33:50] $alpha
INFO [2017-01-31 11:33:50] rep(0.5, 5)
INFO [2017-01-31 11:33:50] 
INFO [2017-01-31 11:33:50] $cex
INFO [2017-01-31 11:33:50] [1] 1.5
INFO [2017-01-31 11:33:50] 
INFO [2017-01-31 11:33:50] $lty
INFO [2017-01-31 11:33:50] [1] 0
INFO [2017-01-31 11:33:50] 
INFO [2017-01-31 11:33:50] $col
INFO [2017-01-31 11:33:50] [1] "grey"
INFO [2017-01-31 11:33:50] 
INFO [2017-01-31 11:33:50] $lwd
INFO [2017-01-31 11:33:50] [1] 0
INFO [2017-01-31 11:33:50] 
INFO [2017-01-31 11:33:50] $filename
INFO [2017-01-31 11:33:50] NULL
INFO [2017-01-31 11:33:50] 
INFO [2017-01-31 11:33:50] $fontface
INFO [2017-01-31 11:33:50] [1] "bold"
INFO [2017-01-31 11:33:50] 
INFO [2017-01-31 11:33:50] $main.cex
INFO [2017-01-31 11:33:50] [1] 0
INFO [2017-01-31 11:33:50] 
INFO [2017-01-31 11:33:50] $sub.cex
INFO [2017-01-31 11:33:50] [1] 0
INFO [2017-01-31 11:33:50] 
INFO [2017-01-31 11:33:50] $width
INFO [2017-01-31 11:33:50] [1] 6000
INFO [2017-01-31 11:33:50] 
INFO [2017-01-31 11:33:50] $cat.cex
INFO [2017-01-31 11:33:50] [1] 0
INFO [2017-01-31 11:33:50] 
