INFO [2017-01-31 11:32:08] [[1]]
INFO [2017-01-31 11:32:08] list(CHIKV = chikv.genes, SARS = sars.genes, HCV = hcv.genes, 
INFO [2017-01-31 11:32:08]     DENV = denv.genes, CVB = cvb.genes)
INFO [2017-01-31 11:32:08] 
INFO [2017-01-31 11:32:08] $fill
INFO [2017-01-31 11:32:08] cols
INFO [2017-01-31 11:32:08] 
INFO [2017-01-31 11:32:08] $alpha
INFO [2017-01-31 11:32:08] rep(0.5, 5)
INFO [2017-01-31 11:32:08] 
INFO [2017-01-31 11:32:08] $cex
INFO [2017-01-31 11:32:08] [1] 1.75
INFO [2017-01-31 11:32:08] 
INFO [2017-01-31 11:32:08] $lty
INFO [2017-01-31 11:32:08] [1] 0
INFO [2017-01-31 11:32:08] 
INFO [2017-01-31 11:32:08] $col
INFO [2017-01-31 11:32:08] [1] "grey"
INFO [2017-01-31 11:32:08] 
INFO [2017-01-31 11:32:08] $lwd
INFO [2017-01-31 11:32:08] [1] 0
INFO [2017-01-31 11:32:08] 
INFO [2017-01-31 11:32:08] $filename
INFO [2017-01-31 11:32:08] NULL
INFO [2017-01-31 11:32:08] 
INFO [2017-01-31 11:32:08] $fontface
INFO [2017-01-31 11:32:08] [1] "bold"
INFO [2017-01-31 11:32:08] 
INFO [2017-01-31 11:32:08] $main.cex
INFO [2017-01-31 11:32:08] [1] 0
INFO [2017-01-31 11:32:08] 
INFO [2017-01-31 11:32:08] $sub.cex
INFO [2017-01-31 11:32:08] [1] 0
INFO [2017-01-31 11:32:08] 
INFO [2017-01-31 11:32:08] $width
INFO [2017-01-31 11:32:08] [1] 6000
INFO [2017-01-31 11:32:08] 
INFO [2017-01-31 11:32:08] $cat.cex
INFO [2017-01-31 11:32:08] [1] 0.75
INFO [2017-01-31 11:32:08] 
