INFO [2017-01-31 11:30:56] [[1]]
INFO [2017-01-31 11:30:56] list(CHIKV = chikv.genes, SARS = sars.genes, HCV = hcv.genes, 
INFO [2017-01-31 11:30:56]     DENV = denv.genes, CVB = cvb.genes)
INFO [2017-01-31 11:30:56] 
INFO [2017-01-31 11:30:56] $fill
INFO [2017-01-31 11:30:56] cols
INFO [2017-01-31 11:30:56] 
INFO [2017-01-31 11:30:56] $alpha
INFO [2017-01-31 11:30:56] rep(0.5, 5)
INFO [2017-01-31 11:30:56] 
INFO [2017-01-31 11:30:56] $cex
INFO [2017-01-31 11:30:56] [1] 1.75
INFO [2017-01-31 11:30:56] 
INFO [2017-01-31 11:30:56] $lty
INFO [2017-01-31 11:30:56] [1] 0
INFO [2017-01-31 11:30:56] 
INFO [2017-01-31 11:30:56] $col
INFO [2017-01-31 11:30:56] [1] "grey"
INFO [2017-01-31 11:30:56] 
INFO [2017-01-31 11:30:56] $lwd
INFO [2017-01-31 11:30:56] [1] 0
INFO [2017-01-31 11:30:56] 
INFO [2017-01-31 11:30:56] $filename
INFO [2017-01-31 11:30:56] NULL
INFO [2017-01-31 11:30:56] 
INFO [2017-01-31 11:30:56] $fontface
INFO [2017-01-31 11:30:56] [1] "bold"
INFO [2017-01-31 11:30:56] 
INFO [2017-01-31 11:30:56] $main.cex
INFO [2017-01-31 11:30:56] [1] 0
INFO [2017-01-31 11:30:56] 
INFO [2017-01-31 11:30:56] $sub.cex
INFO [2017-01-31 11:30:56] [1] 0
INFO [2017-01-31 11:30:56] 
INFO [2017-01-31 11:30:56] $width
INFO [2017-01-31 11:30:56] [1] 6000
INFO [2017-01-31 11:30:56] 
INFO [2017-01-31 11:30:56] $cat.cex
INFO [2017-01-31 11:30:56] [1] 0.75
INFO [2017-01-31 11:30:56] 
