INFO [2017-01-31 10:02:25] [[1]]
INFO [2017-01-31 10:02:25] list(CHIKV = chikv.genes, SARS = sars.genes, HCV = hcv.genes, 
INFO [2017-01-31 10:02:25]     DENV = denv.genes, CVB = cvb.genes)
INFO [2017-01-31 10:02:25] 
INFO [2017-01-31 10:02:25] $fill
INFO [2017-01-31 10:02:25] c("red", "green", "blue", "yellow", "orange")
INFO [2017-01-31 10:02:25] 
INFO [2017-01-31 10:02:25] $alpha
INFO [2017-01-31 10:02:25] rep(0.5, 5)
INFO [2017-01-31 10:02:25] 
INFO [2017-01-31 10:02:25] $cex
INFO [2017-01-31 10:02:25] [1] 1.75
INFO [2017-01-31 10:02:25] 
INFO [2017-01-31 10:02:25] $lty
INFO [2017-01-31 10:02:25] [1] 0
INFO [2017-01-31 10:02:25] 
INFO [2017-01-31 10:02:25] $col
INFO [2017-01-31 10:02:25] [1] "grey"
INFO [2017-01-31 10:02:25] 
INFO [2017-01-31 10:02:25] $lwd
INFO [2017-01-31 10:02:25] [1] 0
INFO [2017-01-31 10:02:25] 
INFO [2017-01-31 10:02:25] $filename
INFO [2017-01-31 10:02:25] NULL
INFO [2017-01-31 10:02:25] 
INFO [2017-01-31 10:02:25] $fontface
INFO [2017-01-31 10:02:25] [1] "bold"
INFO [2017-01-31 10:02:25] 
INFO [2017-01-31 10:02:25] $main.cex
INFO [2017-01-31 10:02:25] [1] 0
INFO [2017-01-31 10:02:25] 
INFO [2017-01-31 10:02:25] $sub.cex
INFO [2017-01-31 10:02:25] [1] 0
INFO [2017-01-31 10:02:25] 
INFO [2017-01-31 10:02:25] $width
INFO [2017-01-31 10:02:25] [1] 6000
INFO [2017-01-31 10:02:25] 
INFO [2017-01-31 10:02:25] $cat.cex
INFO [2017-01-31 10:02:25] [1] 0.75
INFO [2017-01-31 10:02:25] 
