INFO [2017-01-31 11:29:39] [[1]]
INFO [2017-01-31 11:29:39] list(CHIKV = chikv.genes, SARS = sars.genes, HCV = hcv.genes, 
INFO [2017-01-31 11:29:39]     DENV = denv.genes, CVB = cvb.genes)
INFO [2017-01-31 11:29:39] 
INFO [2017-01-31 11:29:39] $fill
INFO [2017-01-31 11:29:39] cols
INFO [2017-01-31 11:29:39] 
INFO [2017-01-31 11:29:39] $alpha
INFO [2017-01-31 11:29:39] rep(0.5, 5)
INFO [2017-01-31 11:29:39] 
INFO [2017-01-31 11:29:39] $cex
INFO [2017-01-31 11:29:39] [1] 1.75
INFO [2017-01-31 11:29:39] 
INFO [2017-01-31 11:29:39] $lty
INFO [2017-01-31 11:29:39] [1] 0
INFO [2017-01-31 11:29:39] 
INFO [2017-01-31 11:29:39] $col
INFO [2017-01-31 11:29:39] [1] "grey"
INFO [2017-01-31 11:29:39] 
INFO [2017-01-31 11:29:39] $lwd
INFO [2017-01-31 11:29:39] [1] 0
INFO [2017-01-31 11:29:39] 
INFO [2017-01-31 11:29:39] $filename
INFO [2017-01-31 11:29:39] NULL
INFO [2017-01-31 11:29:39] 
INFO [2017-01-31 11:29:39] $fontface
INFO [2017-01-31 11:29:39] [1] "bold"
INFO [2017-01-31 11:29:39] 
INFO [2017-01-31 11:29:39] $main.cex
INFO [2017-01-31 11:29:39] [1] 0
INFO [2017-01-31 11:29:39] 
INFO [2017-01-31 11:29:39] $sub.cex
INFO [2017-01-31 11:29:39] [1] 0
INFO [2017-01-31 11:29:39] 
INFO [2017-01-31 11:29:39] $width
INFO [2017-01-31 11:29:39] [1] 6000
INFO [2017-01-31 11:29:39] 
INFO [2017-01-31 11:29:39] $cat.cex
INFO [2017-01-31 11:29:39] [1] 0.75
INFO [2017-01-31 11:29:39] 
