INFO [2017-01-31 11:37:15] [[1]]
INFO [2017-01-31 11:37:15] list(CHIKV = chikv.genes, SARS = sars.genes, HCV = hcv.genes, 
INFO [2017-01-31 11:37:15]     DENV = denv.genes, CVB = cvb.genes)
INFO [2017-01-31 11:37:15] 
INFO [2017-01-31 11:37:15] $fill
INFO [2017-01-31 11:37:15] cols
INFO [2017-01-31 11:37:15] 
INFO [2017-01-31 11:37:15] $alpha
INFO [2017-01-31 11:37:15] rep(0.5, 5)
INFO [2017-01-31 11:37:15] 
INFO [2017-01-31 11:37:15] $cex
INFO [2017-01-31 11:37:15] [1] 1.75
INFO [2017-01-31 11:37:15] 
INFO [2017-01-31 11:37:15] $lty
INFO [2017-01-31 11:37:15] [1] 0
INFO [2017-01-31 11:37:15] 
INFO [2017-01-31 11:37:15] $col
INFO [2017-01-31 11:37:15] [1] "grey"
INFO [2017-01-31 11:37:15] 
INFO [2017-01-31 11:37:15] $lwd
INFO [2017-01-31 11:37:15] [1] 0
INFO [2017-01-31 11:37:15] 
INFO [2017-01-31 11:37:15] $filename
INFO [2017-01-31 11:37:15] NULL
INFO [2017-01-31 11:37:15] 
INFO [2017-01-31 11:37:15] $fontface
INFO [2017-01-31 11:37:15] [1] "bold"
INFO [2017-01-31 11:37:15] 
INFO [2017-01-31 11:37:15] $main.cex
INFO [2017-01-31 11:37:15] [1] 0
INFO [2017-01-31 11:37:15] 
INFO [2017-01-31 11:37:15] $sub.cex
INFO [2017-01-31 11:37:15] [1] 0
INFO [2017-01-31 11:37:15] 
INFO [2017-01-31 11:37:15] $width
INFO [2017-01-31 11:37:15] [1] 6000
INFO [2017-01-31 11:37:15] 
INFO [2017-01-31 11:37:15] $cat.cex
INFO [2017-01-31 11:37:15] [1] 0.75
INFO [2017-01-31 11:37:15] 
