INFO [2017-01-31 11:31:07] [[1]]
INFO [2017-01-31 11:31:07] list(CHIKV = chikv.genes, SARS = sars.genes, HCV = hcv.genes, 
INFO [2017-01-31 11:31:07]     DENV = denv.genes, CVB = cvb.genes)
INFO [2017-01-31 11:31:07] 
INFO [2017-01-31 11:31:07] $fill
INFO [2017-01-31 11:31:07] cols
INFO [2017-01-31 11:31:07] 
INFO [2017-01-31 11:31:07] $alpha
INFO [2017-01-31 11:31:07] rep(0.5, 5)
INFO [2017-01-31 11:31:07] 
INFO [2017-01-31 11:31:07] $cex
INFO [2017-01-31 11:31:07] [1] 1.75
INFO [2017-01-31 11:31:07] 
INFO [2017-01-31 11:31:07] $lty
INFO [2017-01-31 11:31:07] [1] 0
INFO [2017-01-31 11:31:07] 
INFO [2017-01-31 11:31:07] $col
INFO [2017-01-31 11:31:07] [1] "grey"
INFO [2017-01-31 11:31:07] 
INFO [2017-01-31 11:31:07] $lwd
INFO [2017-01-31 11:31:07] [1] 0
INFO [2017-01-31 11:31:07] 
INFO [2017-01-31 11:31:07] $filename
INFO [2017-01-31 11:31:07] NULL
INFO [2017-01-31 11:31:07] 
INFO [2017-01-31 11:31:07] $fontface
INFO [2017-01-31 11:31:07] [1] "bold"
INFO [2017-01-31 11:31:07] 
INFO [2017-01-31 11:31:07] $main.cex
INFO [2017-01-31 11:31:07] [1] 0
INFO [2017-01-31 11:31:07] 
INFO [2017-01-31 11:31:07] $sub.cex
INFO [2017-01-31 11:31:07] [1] 0
INFO [2017-01-31 11:31:07] 
INFO [2017-01-31 11:31:07] $width
INFO [2017-01-31 11:31:07] [1] 6000
INFO [2017-01-31 11:31:07] 
INFO [2017-01-31 11:31:07] $cat.cex
INFO [2017-01-31 11:31:07] [1] 0.75
INFO [2017-01-31 11:31:07] 
