INFO [2017-01-31 11:30:42] [[1]]
INFO [2017-01-31 11:30:42] list(CHIKV = chikv.genes, SARS = sars.genes, HCV = hcv.genes, 
INFO [2017-01-31 11:30:42]     DENV = denv.genes, CVB = cvb.genes)
INFO [2017-01-31 11:30:42] 
INFO [2017-01-31 11:30:42] $fill
INFO [2017-01-31 11:30:42] cols
INFO [2017-01-31 11:30:42] 
INFO [2017-01-31 11:30:42] $alpha
INFO [2017-01-31 11:30:42] rep(0.5, 5)
INFO [2017-01-31 11:30:42] 
INFO [2017-01-31 11:30:42] $cex
INFO [2017-01-31 11:30:42] [1] 1.75
INFO [2017-01-31 11:30:42] 
INFO [2017-01-31 11:30:42] $lty
INFO [2017-01-31 11:30:42] [1] 0
INFO [2017-01-31 11:30:42] 
INFO [2017-01-31 11:30:42] $col
INFO [2017-01-31 11:30:42] [1] "grey"
INFO [2017-01-31 11:30:42] 
INFO [2017-01-31 11:30:42] $lwd
INFO [2017-01-31 11:30:42] [1] 0
INFO [2017-01-31 11:30:42] 
INFO [2017-01-31 11:30:42] $filename
INFO [2017-01-31 11:30:42] NULL
INFO [2017-01-31 11:30:42] 
INFO [2017-01-31 11:30:42] $fontface
INFO [2017-01-31 11:30:42] [1] "bold"
INFO [2017-01-31 11:30:42] 
INFO [2017-01-31 11:30:42] $main.cex
INFO [2017-01-31 11:30:42] [1] 0
INFO [2017-01-31 11:30:42] 
INFO [2017-01-31 11:30:42] $sub.cex
INFO [2017-01-31 11:30:42] [1] 0
INFO [2017-01-31 11:30:42] 
INFO [2017-01-31 11:30:42] $width
INFO [2017-01-31 11:30:42] [1] 6000
INFO [2017-01-31 11:30:42] 
INFO [2017-01-31 11:30:42] $cat.cex
INFO [2017-01-31 11:30:42] [1] 0.75
INFO [2017-01-31 11:30:42] 
