INFO [2017-01-31 11:32:19] [[1]]
INFO [2017-01-31 11:32:19] list(CHIKV = chikv.genes, SARS = sars.genes, HCV = hcv.genes, 
INFO [2017-01-31 11:32:19]     DENV = denv.genes, CVB = cvb.genes)
INFO [2017-01-31 11:32:19] 
INFO [2017-01-31 11:32:19] $fill
INFO [2017-01-31 11:32:19] cols
INFO [2017-01-31 11:32:19] 
INFO [2017-01-31 11:32:19] $alpha
INFO [2017-01-31 11:32:19] rep(0.5, 5)
INFO [2017-01-31 11:32:19] 
INFO [2017-01-31 11:32:19] $cex
INFO [2017-01-31 11:32:19] [1] 1.75
INFO [2017-01-31 11:32:19] 
INFO [2017-01-31 11:32:19] $lty
INFO [2017-01-31 11:32:19] [1] 0
INFO [2017-01-31 11:32:19] 
INFO [2017-01-31 11:32:19] $col
INFO [2017-01-31 11:32:19] [1] "grey"
INFO [2017-01-31 11:32:19] 
INFO [2017-01-31 11:32:19] $lwd
INFO [2017-01-31 11:32:19] [1] 0
INFO [2017-01-31 11:32:19] 
INFO [2017-01-31 11:32:19] $filename
INFO [2017-01-31 11:32:19] NULL
INFO [2017-01-31 11:32:19] 
INFO [2017-01-31 11:32:19] $fontface
INFO [2017-01-31 11:32:19] [1] "bold"
INFO [2017-01-31 11:32:19] 
INFO [2017-01-31 11:32:19] $main.cex
INFO [2017-01-31 11:32:19] [1] 0
INFO [2017-01-31 11:32:19] 
INFO [2017-01-31 11:32:19] $sub.cex
INFO [2017-01-31 11:32:19] [1] 0
INFO [2017-01-31 11:32:19] 
INFO [2017-01-31 11:32:19] $width
INFO [2017-01-31 11:32:19] [1] 6000
INFO [2017-01-31 11:32:19] 
INFO [2017-01-31 11:32:19] $cat.cex
INFO [2017-01-31 11:32:19] [1] 0.75
INFO [2017-01-31 11:32:19] 
