INFO [2017-01-31 11:32:58] [[1]]
INFO [2017-01-31 11:32:58] list(CHIKV = chikv.genes, SARS = sars.genes, HCV = hcv.genes, 
INFO [2017-01-31 11:32:58]     DENV = denv.genes, CVB = cvb.genes)
INFO [2017-01-31 11:32:58] 
INFO [2017-01-31 11:32:58] $fill
INFO [2017-01-31 11:32:58] cols
INFO [2017-01-31 11:32:58] 
INFO [2017-01-31 11:32:58] $alpha
INFO [2017-01-31 11:32:58] rep(0.5, 5)
INFO [2017-01-31 11:32:58] 
INFO [2017-01-31 11:32:58] $cex
INFO [2017-01-31 11:32:58] [1] 1.75
INFO [2017-01-31 11:32:58] 
INFO [2017-01-31 11:32:58] $lty
INFO [2017-01-31 11:32:58] [1] 0
INFO [2017-01-31 11:32:58] 
INFO [2017-01-31 11:32:58] $col
INFO [2017-01-31 11:32:58] [1] "grey"
INFO [2017-01-31 11:32:58] 
INFO [2017-01-31 11:32:58] $lwd
INFO [2017-01-31 11:32:58] [1] 0
INFO [2017-01-31 11:32:58] 
INFO [2017-01-31 11:32:58] $filename
INFO [2017-01-31 11:32:58] NULL
INFO [2017-01-31 11:32:58] 
INFO [2017-01-31 11:32:58] $fontface
INFO [2017-01-31 11:32:58] [1] "bold"
INFO [2017-01-31 11:32:58] 
INFO [2017-01-31 11:32:58] $main.cex
INFO [2017-01-31 11:32:58] [1] 0
INFO [2017-01-31 11:32:58] 
INFO [2017-01-31 11:32:58] $sub.cex
INFO [2017-01-31 11:32:58] [1] 0
INFO [2017-01-31 11:32:58] 
INFO [2017-01-31 11:32:58] $width
INFO [2017-01-31 11:32:58] [1] 6000
INFO [2017-01-31 11:32:58] 
INFO [2017-01-31 11:32:58] $cat.cex
INFO [2017-01-31 11:32:58] [1] 0.75
INFO [2017-01-31 11:32:58] 
