INFO [2017-01-31 11:30:24] [[1]]
INFO [2017-01-31 11:30:24] list(CHIKV = chikv.genes, SARS = sars.genes, HCV = hcv.genes, 
INFO [2017-01-31 11:30:24]     DENV = denv.genes, CVB = cvb.genes)
INFO [2017-01-31 11:30:24] 
INFO [2017-01-31 11:30:24] $fill
INFO [2017-01-31 11:30:24] cols
INFO [2017-01-31 11:30:24] 
INFO [2017-01-31 11:30:24] $alpha
INFO [2017-01-31 11:30:24] rep(0.5, 5)
INFO [2017-01-31 11:30:24] 
INFO [2017-01-31 11:30:24] $cex
INFO [2017-01-31 11:30:24] [1] 1.75
INFO [2017-01-31 11:30:24] 
INFO [2017-01-31 11:30:24] $lty
INFO [2017-01-31 11:30:24] [1] 0
INFO [2017-01-31 11:30:24] 
INFO [2017-01-31 11:30:24] $col
INFO [2017-01-31 11:30:24] [1] "grey"
INFO [2017-01-31 11:30:24] 
INFO [2017-01-31 11:30:24] $lwd
INFO [2017-01-31 11:30:24] [1] 0
INFO [2017-01-31 11:30:24] 
INFO [2017-01-31 11:30:24] $filename
INFO [2017-01-31 11:30:24] NULL
INFO [2017-01-31 11:30:24] 
INFO [2017-01-31 11:30:24] $fontface
INFO [2017-01-31 11:30:24] [1] "bold"
INFO [2017-01-31 11:30:24] 
INFO [2017-01-31 11:30:24] $main.cex
INFO [2017-01-31 11:30:24] [1] 0
INFO [2017-01-31 11:30:24] 
INFO [2017-01-31 11:30:24] $sub.cex
INFO [2017-01-31 11:30:24] [1] 0
INFO [2017-01-31 11:30:24] 
INFO [2017-01-31 11:30:24] $width
INFO [2017-01-31 11:30:24] [1] 6000
INFO [2017-01-31 11:30:24] 
INFO [2017-01-31 11:30:24] $cat.cex
INFO [2017-01-31 11:30:24] [1] 0.75
INFO [2017-01-31 11:30:24] 
