INFO [2017-01-31 11:31:38] [[1]]
INFO [2017-01-31 11:31:38] list(CHIKV = chikv.genes, SARS = sars.genes, HCV = hcv.genes, 
INFO [2017-01-31 11:31:38]     DENV = denv.genes, CVB = cvb.genes)
INFO [2017-01-31 11:31:38] 
INFO [2017-01-31 11:31:38] $fill
INFO [2017-01-31 11:31:38] cols
INFO [2017-01-31 11:31:38] 
INFO [2017-01-31 11:31:38] $alpha
INFO [2017-01-31 11:31:38] rep(0.5, 5)
INFO [2017-01-31 11:31:38] 
INFO [2017-01-31 11:31:38] $cex
INFO [2017-01-31 11:31:38] [1] 1.75
INFO [2017-01-31 11:31:38] 
INFO [2017-01-31 11:31:38] $lty
INFO [2017-01-31 11:31:38] [1] 0
INFO [2017-01-31 11:31:38] 
INFO [2017-01-31 11:31:38] $col
INFO [2017-01-31 11:31:38] [1] "grey"
INFO [2017-01-31 11:31:38] 
INFO [2017-01-31 11:31:38] $lwd
INFO [2017-01-31 11:31:38] [1] 0
INFO [2017-01-31 11:31:38] 
INFO [2017-01-31 11:31:38] $filename
INFO [2017-01-31 11:31:38] NULL
INFO [2017-01-31 11:31:38] 
INFO [2017-01-31 11:31:38] $fontface
INFO [2017-01-31 11:31:38] [1] "bold"
INFO [2017-01-31 11:31:38] 
INFO [2017-01-31 11:31:38] $main.cex
INFO [2017-01-31 11:31:38] [1] 0
INFO [2017-01-31 11:31:38] 
INFO [2017-01-31 11:31:38] $sub.cex
INFO [2017-01-31 11:31:38] [1] 0
INFO [2017-01-31 11:31:38] 
INFO [2017-01-31 11:31:38] $width
INFO [2017-01-31 11:31:38] [1] 6000
INFO [2017-01-31 11:31:38] 
INFO [2017-01-31 11:31:38] $cat.cex
INFO [2017-01-31 11:31:38] [1] 0.75
INFO [2017-01-31 11:31:38] 
