INFO [2017-01-31 11:32:28] [[1]]
INFO [2017-01-31 11:32:28] list(CHIKV = chikv.genes, SARS = sars.genes, HCV = hcv.genes, 
INFO [2017-01-31 11:32:28]     DENV = denv.genes, CVB = cvb.genes)
INFO [2017-01-31 11:32:28] 
INFO [2017-01-31 11:32:28] $fill
INFO [2017-01-31 11:32:28] cols
INFO [2017-01-31 11:32:28] 
INFO [2017-01-31 11:32:28] $alpha
INFO [2017-01-31 11:32:28] rep(0.5, 5)
INFO [2017-01-31 11:32:28] 
INFO [2017-01-31 11:32:28] $cex
INFO [2017-01-31 11:32:28] [1] 1.75
INFO [2017-01-31 11:32:28] 
INFO [2017-01-31 11:32:28] $lty
INFO [2017-01-31 11:32:28] [1] 0
INFO [2017-01-31 11:32:28] 
INFO [2017-01-31 11:32:28] $col
INFO [2017-01-31 11:32:28] [1] "grey"
INFO [2017-01-31 11:32:28] 
INFO [2017-01-31 11:32:28] $lwd
INFO [2017-01-31 11:32:28] [1] 0
INFO [2017-01-31 11:32:28] 
INFO [2017-01-31 11:32:28] $filename
INFO [2017-01-31 11:32:28] NULL
INFO [2017-01-31 11:32:28] 
INFO [2017-01-31 11:32:28] $fontface
INFO [2017-01-31 11:32:28] [1] "bold"
INFO [2017-01-31 11:32:28] 
INFO [2017-01-31 11:32:28] $main.cex
INFO [2017-01-31 11:32:28] [1] 0
INFO [2017-01-31 11:32:28] 
INFO [2017-01-31 11:32:28] $sub.cex
INFO [2017-01-31 11:32:28] [1] 0
INFO [2017-01-31 11:32:28] 
INFO [2017-01-31 11:32:28] $width
INFO [2017-01-31 11:32:28] [1] 6000
INFO [2017-01-31 11:32:28] 
INFO [2017-01-31 11:32:28] $cat.cex
INFO [2017-01-31 11:32:28] [1] 0.75
INFO [2017-01-31 11:32:28] 
