INFO [2017-01-31 11:32:46] [[1]]
INFO [2017-01-31 11:32:46] list(CHIKV = chikv.genes, SARS = sars.genes, HCV = hcv.genes, 
INFO [2017-01-31 11:32:46]     DENV = denv.genes, CVB = cvb.genes)
INFO [2017-01-31 11:32:46] 
INFO [2017-01-31 11:32:46] $fill
INFO [2017-01-31 11:32:46] cols
INFO [2017-01-31 11:32:46] 
INFO [2017-01-31 11:32:46] $alpha
INFO [2017-01-31 11:32:46] rep(0.5, 5)
INFO [2017-01-31 11:32:46] 
INFO [2017-01-31 11:32:46] $cex
INFO [2017-01-31 11:32:46] [1] 1.75
INFO [2017-01-31 11:32:46] 
INFO [2017-01-31 11:32:46] $lty
INFO [2017-01-31 11:32:46] [1] 0
INFO [2017-01-31 11:32:46] 
INFO [2017-01-31 11:32:46] $col
INFO [2017-01-31 11:32:46] [1] "grey"
INFO [2017-01-31 11:32:46] 
INFO [2017-01-31 11:32:46] $lwd
INFO [2017-01-31 11:32:46] [1] 0
INFO [2017-01-31 11:32:46] 
INFO [2017-01-31 11:32:46] $filename
INFO [2017-01-31 11:32:46] NULL
INFO [2017-01-31 11:32:46] 
INFO [2017-01-31 11:32:46] $fontface
INFO [2017-01-31 11:32:46] [1] "bold"
INFO [2017-01-31 11:32:46] 
INFO [2017-01-31 11:32:46] $main.cex
INFO [2017-01-31 11:32:46] [1] 0
INFO [2017-01-31 11:32:46] 
INFO [2017-01-31 11:32:46] $sub.cex
INFO [2017-01-31 11:32:46] [1] 0
INFO [2017-01-31 11:32:46] 
INFO [2017-01-31 11:32:46] $width
INFO [2017-01-31 11:32:46] [1] 6000
INFO [2017-01-31 11:32:46] 
INFO [2017-01-31 11:32:46] $cat.cex
INFO [2017-01-31 11:32:46] [1] 0.75
INFO [2017-01-31 11:32:46] 
